<?xml version="1.0" encoding="UTF-8"?>
<!-- Generated by org.testng.reporters.JUnitReportReporter -->
<testsuite hostname="LIN51015193" failures="0" tests="1" name="com.runner.test_runner" time="7.822" errors="0" timestamp="2022-10-14T19:08:00 IST" skipped="0">
  <testcase classname="com.runner.test_runner" name="runScenario" time="7.822"/>
  <system-out/>
</testsuite> <!-- com.runner.test_runner -->
