<?xml version="1.0" encoding="UTF-8"?>
<!-- Generated by org.testng.reporters.JUnitReportReporter -->
<testsuite hostname="LIN51015193" failures="0" tests="1" name="Default.SampleTest" time="0.012" errors="0" timestamp="2022-10-14T13:48:18 IST" skipped="0">
  <testcase classname="Default.SampleTest" name="test" time="0.012"/>
  <system-out/>
</testsuite> <!-- Default.SampleTest -->
